<?xml version="1.0" encoding="UTF-8"?>
<!-- Generated by org.testng.reporters.JUnitReportReporter -->
<testsuite hostname="DESKTOP-OC0O0DM" failures="0" tests="1" name="scripts.Tc1" time="15.862" errors="0" timestamp="2022-12-23T16:45:35 IST" skipped="0">
  <testcase classname="scripts.Tc1" name="gs" time="15.862"/>
  <system-out/>
</testsuite> <!-- scripts.Tc1 -->
